batt_out at 1800 is -25.000000
power at 1800 is 1003.689511
soc at 1800 is 0.500000
energy at 1800 is 0.000000
rec_energy at 1800 is [0.]
sim_time at 1800 is 0.000000
batt_out at 3600 is -25.000000
power at 3600 is 966.964533
soc at 3600 is 0.500000
energy at 3600 is 498.100401
rec_energy at 3600 is [  0.         498.10040066]
sim_time at 3600 is 0.000000
batt_out at 5400 is -25.000000
power at 5400 is 921.433162
soc at 5400 is 0.500000
energy at 5400 is 981.582667
rec_energy at 5400 is [  0.         498.10040066 981.58266716]
sim_time at 5400 is 1.000000
batt_out at 7200 is -25.000000
power at 7200 is 770.996504
soc at 7200 is 0.501483
energy at 7200 is 1430.734462
rec_energy at 7200 is [   0.          498.10040066  981.58266716 1430.73446222]
sim_time at 7200 is 1.000000
batt_out at 9000 is -25.000000
power at 9000 is 521.929172
soc at 9000 is 0.502966
energy at 9000 is 1785.101181
rec_energy at 9000 is [   0.          498.10040066  981.58266716 1430.73446222 1785.10118117]
sim_time at 9000 is 2.000000
batt_out at 10800 is -25.000000
power at 10800 is 449.087581
soc at 10800 is 0.504449
energy at 10800 is 2050.854206
rec_energy at 10800 is [   0.          498.10040066  981.58266716 1430.73446222 1785.10118117
 2050.85420617]
sim_time at 10800 is 2.000000
batt_out at 12600 is -25.000000
power at 12600 is 357.428745
soc at 12600 is 0.505932
energy at 12600 is 2531.328605
rec_energy at 12600 is [   0.          498.10040066  981.58266716 1430.73446222 1785.10118117
 2050.85420617 2531.3286054 ]
sim_time at 12600 is 3.000000
batt_out at 14400 is -25.000000
power at 14400 is 594.898308
soc at 14400 is 0.507415
energy at 14400 is 3162.119497
rec_energy at 14400 is [   0.          498.10040066  981.58266716 1430.73446222 1785.10118117
 2050.85420617 2531.3286054  3162.1194972 ]
sim_time at 14400 is 3.000000
batt_out at 16200 is -25.000000
power at 16200 is 374.612731
soc at 16200 is 0.508897
energy at 16200 is 4044.089485
rec_energy at 16200 is [   0.          498.10040066  981.58266716 1430.73446222 1785.10118117
 2050.85420617 2531.3286054  3162.1194972  4044.08948501]
sim_time at 16200 is 4.000000
batt_out at 18000 is -25.000000
power at 18000 is 365.466470
soc at 18000 is 0.510380
energy at 18000 is 5020.732013
rec_energy at 18000 is [   0.          498.10040066  981.58266716 1430.73446222 1785.10118117
 2050.85420617 2531.3286054  3162.1194972  4044.08948501 5020.73201262]
sim_time at 18000 is 4.000000
batt_out at 19800 is -25.000000
power at 19800 is 334.732025
soc at 19800 is 0.511863
energy at 19800 is 6090.281091
rec_energy at 19800 is [   0.          498.10040066  981.58266716 1430.73446222 1785.10118117
 2050.85420617 2531.3286054  3162.1194972  4044.08948501 5020.73201262
 6090.28109057]
sim_time at 19800 is 5.000000
batt_out at 21600 is 247.432157
power at 21600 is 4995.064451
soc at 21600 is 0.513346
energy at 21600 is 7330.390715
rec_energy at 21600 is [   0.          498.10040066  981.58266716 1430.73446222 1785.10118117
 2050.85420617 2531.3286054  3162.1194972  4044.08948501 5020.73201262
 6090.28109057 7330.39071479]
sim_time at 21600 is 5.000000
batt_out at 23400 is 159.597395
power at 23400 is 4866.425523
soc at 23400 is 0.514829
energy at 23400 is 8636.204830
rec_energy at 23400 is [   0.          498.10040066  981.58266716 1430.73446222 1785.10118117
 2050.85420617 2531.3286054  3162.1194972  4044.08948501 5020.73201262
 6090.28109057 7330.39071479 8636.20482989]
sim_time at 23400 is 6.000000
batt_out at 25200 is -24.946748
power at 25200 is -181.645960
soc at 25200 is 0.499018
energy at 25200 is 9823.833985
rec_energy at 25200 is [   0.          498.10040066  981.58266716 1430.73446222 1785.10118117
 2050.85420617 2531.3286054  3162.1194972  4044.08948501 5020.73201262
 6090.28109057 7330.39071479 8636.20482989 9823.83398501]
sim_time at 25200 is 6.000000
batt_out at 27000 is 52.990376
power at 27000 is 4592.312399
soc at 27000 is 0.488270
energy at 27000 is 11100.955570
rec_energy at 27000 is [    0.           498.10040066   981.58266716  1430.73446222
  1785.10118117  2050.85420617  2531.3286054   3162.1194972
  4044.08948501  5020.73201262  6090.28109057  7330.39071479
  8636.20482989  9823.83398501 11100.9555698 ]
sim_time at 27000 is 7.000000
batt_out at 28800 is -24.096895
power at 28800 is 85.707698
soc at 28800 is 0.488947
energy at 28800 is 12547.661133
rec_energy at 28800 is [    0.           498.10040066   981.58266716  1430.73446222
  1785.10118117  2050.85420617  2531.3286054   3162.1194972
  4044.08948501  5020.73201262  6090.28109057  7330.39071479
  8636.20482989  9823.83398501 11100.9555698  12547.66113339]
sim_time at 28800 is 7.000000
batt_out at 30600 is -23.531772
power at 30600 is -33.179126
soc at 30600 is 0.485621
energy at 30600 is 13808.718262
rec_energy at 30600 is [    0.           498.10040066   981.58266716  1430.73446222
  1785.10118117  2050.85420617  2531.3286054   3162.1194972
  4044.08948501  5020.73201262  6090.28109057  7330.39071479
  8636.20482989  9823.83398501 11100.9555698  12547.66113339
 13808.71826204]
sim_time at 30600 is 8.000000
batt_out at 32400 is 98.523001
power at 32400 is 4805.781008
soc at 32400 is 0.486886
energy at 32400 is 15178.062886
rec_energy at 32400 is [    0.           498.10040066   981.58266716  1430.73446222
  1785.10118117  2050.85420617  2531.3286054   3162.1194972
  4044.08948501  5020.73201262  6090.28109057  7330.39071479
  8636.20482989  9823.83398501 11100.9555698  12547.66113339
 13808.71826204 15178.06288573]
sim_time at 32400 is 8.000000
batt_out at 34200 is 170.746364
power at 34200 is 4963.204552
soc at 34200 is 0.488284
energy at 34200 is 16659.105204
rec_energy at 34200 is [    0.           498.10040066   981.58266716  1430.73446222
  1785.10118117  2050.85420617  2531.3286054   3162.1194972
  4044.08948501  5020.73201262  6090.28109057  7330.39071479
  8636.20482989  9823.83398501 11100.9555698  12547.66113339
 13808.71826204 15178.06288573 16659.10520426]
sim_time at 34200 is 9.000000
batt_out at 36000 is 174.784072
power at 36000 is 4975.358812
soc at 36000 is 0.482571
energy at 36000 is 18159.744714
rec_energy at 36000 is [    0.           498.10040066   981.58266716  1430.73446222
  1785.10118117  2050.85420617  2531.3286054   3162.1194972
  4044.08948501  5020.73201262  6090.28109057  7330.39071479
  8636.20482989  9823.83398501 11100.9555698  12547.66113339
 13808.71826204 15178.06288573 16659.10520426 18159.7447136 ]
sim_time at 36000 is 9.000000
batt_out at 37800 is 219.136626
power at 37800 is 5076.617231
soc at 37800 is 0.471437
energy at 37800 is 19693.321295
rec_energy at 37800 is [    0.           498.10040066   981.58266716  1430.73446222
  1785.10118117  2050.85420617  2531.3286054   3162.1194972
  4044.08948501  5020.73201262  6090.28109057  7330.39071479
  8636.20482989  9823.83398501 11100.9555698  12547.66113339
 13808.71826204 15178.06288573 16659.10520426 18159.7447136
 19693.3212949 ]
sim_time at 37800 is 10.000000
batt_out at 39600 is 289.385774
power at 39600 is 5262.293625
soc at 39600 is 0.459892
energy at 39600 is 21315.364840
rec_energy at 39600 is [    0.           498.10040066   981.58266716  1430.73446222
  1785.10118117  2050.85420617  2531.3286054   3162.1194972
  4044.08948501  5020.73201262  6090.28109057  7330.39071479
  8636.20482989  9823.83398501 11100.9555698  12547.66113339
 13808.71826204 15178.06288573 16659.10520426 18159.7447136
 19693.3212949  21315.36483953]
sim_time at 39600 is 10.000000
batt_out at 41400 is 364.881798
power at 41400 is 5357.156718
soc at 41400 is 0.445472
energy at 41400 is 22998.239115
rec_energy at 41400 is [    0.           498.10040066   981.58266716  1430.73446222
  1785.10118117  2050.85420617  2531.3286054   3162.1194972
  4044.08948501  5020.73201262  6090.28109057  7330.39071479
  8636.20482989  9823.83398501 11100.9555698  12547.66113339
 13808.71826204 15178.06288573 16659.10520426 18159.7447136
 19693.3212949  21315.36483953 22998.23911523]
sim_time at 41400 is 11.000000
batt_out at 43200 is 12.716718
power at 43200 is 763.290891
soc at 43200 is 0.426414
energy at 43200 is 24663.103982
rec_energy at 43200 is [    0.           498.10040066   981.58266716  1430.73446222
  1785.10118117  2050.85420617  2531.3286054   3162.1194972
  4044.08948501  5020.73201262  6090.28109057  7330.39071479
  8636.20482989  9823.83398501 11100.9555698  12547.66113339
 13808.71826204 15178.06288573 16659.10520426 18159.7447136
 19693.3212949  21315.36483953 22998.23911523 24663.10398187]
sim_time at 43200 is 11.000000
batt_out at 45000 is 585.509560
power at 45000 is 5773.025039
soc at 45000 is 0.402295
energy at 45000 is 26358.586128
rec_energy at 45000 is [    0.           498.10040066   981.58266716  1430.73446222
  1785.10118117  2050.85420617  2531.3286054   3162.1194972
  4044.08948501  5020.73201262  6090.28109057  7330.39071479
  8636.20482989  9823.83398501 11100.9555698  12547.66113339
 13808.71826204 15178.06288573 16659.10520426 18159.7447136
 19693.3212949  21315.36483953 22998.23911523 24663.10398187
 26358.58612809]
sim_time at 45000 is 12.000000
batt_out at 46800 is 718.839789
power at 46800 is 6509.917095
soc at 46800 is 0.400677
energy at 46800 is 28305.564199
rec_energy at 46800 is [    0.           498.10040066   981.58266716  1430.73446222
  1785.10118117  2050.85420617  2531.3286054   3162.1194972
  4044.08948501  5020.73201262  6090.28109057  7330.39071479
  8636.20482989  9823.83398501 11100.9555698  12547.66113339
 13808.71826204 15178.06288573 16659.10520426 18159.7447136
 19693.3212949  21315.36483953 22998.23911523 24663.10398187
 26358.58612809 28305.56419863]
sim_time at 46800 is 12.000000
batt_out at 48600 is 93.822999
power at 48600 is 1290.456542
soc at 48600 is 0.362700
energy at 48600 is 30038.663453
rec_energy at 48600 is [    0.           498.10040066   981.58266716  1430.73446222
  1785.10118117  2050.85420617  2531.3286054   3162.1194972
  4044.08948501  5020.73201262  6090.28109057  7330.39071479
  8636.20482989  9823.83398501 11100.9555698  12547.66113339
 13808.71826204 15178.06288573 16659.10520426 18159.7447136
 19693.3212949  21315.36483953 22998.23911523 24663.10398187
 26358.58612809 28305.56419863 30038.66345295]
sim_time at 48600 is 13.000000
batt_out at 50400 is 455.067228
power at 50400 is 5971.049638
soc at 50400 is 0.314591
energy at 50400 is 31664.590559
rec_energy at 50400 is [    0.           498.10040066   981.58266716  1430.73446222
  1785.10118117  2050.85420617  2531.3286054   3162.1194972
  4044.08948501  5020.73201262  6090.28109057  7330.39071479
  8636.20482989  9823.83398501 11100.9555698  12547.66113339
 13808.71826204 15178.06288573 16659.10520426 18159.7447136
 19693.3212949  21315.36483953 22998.23911523 24663.10398187
 26358.58612809 28305.56419863 30038.66345295 31664.59055881]
sim_time at 50400 is 13.000000
batt_out at 52200 is 183.682542
power at 52200 is 1900.658643
soc at 52200 is 0.306993
energy at 52200 is 33532.776465
rec_energy at 52200 is [    0.           498.10040066   981.58266716  1430.73446222
  1785.10118117  2050.85420617  2531.3286054   3162.1194972
  4044.08948501  5020.73201262  6090.28109057  7330.39071479
  8636.20482989  9823.83398501 11100.9555698  12547.66113339
 13808.71826204 15178.06288573 16659.10520426 18159.7447136
 19693.3212949  21315.36483953 22998.23911523 24663.10398187
 26358.58612809 28305.56419863 30038.66345295 31664.59055881
 33532.77646535]
sim_time at 52200 is 14.000000
batt_out at 54000 is 319.712014
power at 54000 is 6034.011624
soc at 54000 is 0.278225
energy at 54000 is 34846.428170
rec_energy at 54000 is [    0.           498.10040066   981.58266716  1430.73446222
  1785.10118117  2050.85420617  2531.3286054   3162.1194972
  4044.08948501  5020.73201262  6090.28109057  7330.39071479
  8636.20482989  9823.83398501 11100.9555698  12547.66113339
 13808.71826204 15178.06288573 16659.10520426 18159.7447136
 19693.3212949  21315.36483953 22998.23911523 24663.10398187
 26358.58612809 28305.56419863 30038.66345295 31664.59055881
 33532.77646535 34846.42816986]
sim_time at 54000 is 14.000000
batt_out at 55800 is 285.269435
power at 55800 is 1799.622735
soc at 55800 is 0.265463
energy at 55800 is 36333.180885
rec_energy at 55800 is [    0.           498.10040066   981.58266716  1430.73446222
  1785.10118117  2050.85420617  2531.3286054   3162.1194972
  4044.08948501  5020.73201262  6090.28109057  7330.39071479
  8636.20482989  9823.83398501 11100.9555698  12547.66113339
 13808.71826204 15178.06288573 16659.10520426 18159.7447136
 19693.3212949  21315.36483953 22998.23911523 24663.10398187
 26358.58612809 28305.56419863 30038.66345295 31664.59055881
 33532.77646535 34846.42816986 36333.18088518]
sim_time at 55800 is 15.000000
batt_out at 57600 is 345.641734
power at 57600 is 1800.460530
soc at 57600 is 0.244516
energy at 57600 is 37477.953666
rec_energy at 57600 is [    0.           498.10040066   981.58266716  1430.73446222
  1785.10118117  2050.85420617  2531.3286054   3162.1194972
  4044.08948501  5020.73201262  6090.28109057  7330.39071479
  8636.20482989  9823.83398501 11100.9555698  12547.66113339
 13808.71826204 15178.06288573 16659.10520426 18159.7447136
 19693.3212949  21315.36483953 22998.23911523 24663.10398187
 26358.58612809 28305.56419863 30038.66345295 31664.59055881
 33532.77646535 34846.42816986 36333.18088518 37477.95366576]
sim_time at 57600 is 15.000000
batt_out at 59400 is 406.317427
power at 59400 is 1834.900185
soc at 59400 is 0.225500
energy at 59400 is 38534.817501
rec_energy at 59400 is [    0.           498.10040066   981.58266716  1430.73446222
  1785.10118117  2050.85420617  2531.3286054   3162.1194972
  4044.08948501  5020.73201262  6090.28109057  7330.39071479
  8636.20482989  9823.83398501 11100.9555698  12547.66113339
 13808.71826204 15178.06288573 16659.10520426 18159.7447136
 19693.3212949  21315.36483953 22998.23911523 24663.10398187
 26358.58612809 28305.56419863 30038.66345295 31664.59055881
 33532.77646535 34846.42816986 36333.18088518 37477.95366576
 38534.81750101]
sim_time at 59400 is 16.000000
batt_out at 61200 is 101.395794
power at 61200 is 6112.634474
soc at 61200 is 0.205074
energy at 61200 is 39471.265044
rec_energy at 61200 is [    0.           498.10040066   981.58266716  1430.73446222
  1785.10118117  2050.85420617  2531.3286054   3162.1194972
  4044.08948501  5020.73201262  6090.28109057  7330.39071479
  8636.20482989  9823.83398501 11100.9555698  12547.66113339
 13808.71826204 15178.06288573 16659.10520426 18159.7447136
 19693.3212949  21315.36483953 22998.23911523 24663.10398187
 26358.58612809 28305.56419863 30038.66345295 31664.59055881
 33532.77646535 34846.42816986 36333.18088518 37477.95366576
 38534.81750101 39471.26504385]
sim_time at 61200 is 16.000000
batt_out at 63000 is 585.124979
power at 63000 is 1877.854177
soc at 63000 is 0.178265
energy at 63000 is 40551.351659
rec_energy at 63000 is [    0.           498.10040066   981.58266716  1430.73446222
  1785.10118117  2050.85420617  2531.3286054   3162.1194972
  4044.08948501  5020.73201262  6090.28109057  7330.39071479
  8636.20482989  9823.83398501 11100.9555698  12547.66113339
 13808.71826204 15178.06288573 16659.10520426 18159.7447136
 19693.3212949  21315.36483953 22998.23911523 24663.10398187
 26358.58612809 28305.56419863 30038.66345295 31664.59055881
 33532.77646535 34846.42816986 36333.18088518 37477.95366576
 38534.81750101 39471.26504385 40551.35165922]
sim_time at 63000 is 17.000000
batt_out at 64800 is -8.769025
power at 64800 is 6179.188603
soc at 64800 is 0.168174
energy at 64800 is 41790.194636
rec_energy at 64800 is [    0.           498.10040066   981.58266716  1430.73446222
  1785.10118117  2050.85420617  2531.3286054   3162.1194972
  4044.08948501  5020.73201262  6090.28109057  7330.39071479
  8636.20482989  9823.83398501 11100.9555698  12547.66113339
 13808.71826204 15178.06288573 16659.10520426 18159.7447136
 19693.3212949  21315.36483953 22998.23911523 24663.10398187
 26358.58612809 28305.56419863 30038.66345295 31664.59055881
 33532.77646535 34846.42816986 36333.18088518 37477.95366576
 38534.81750101 39471.26504385 40551.35165922 41790.19463576]
sim_time at 64800 is 17.000000
batt_out at 66600 is 734.153779
power at 66600 is 1492.191084
soc at 66600 is 0.130027
energy at 66600 is 42753.951104
rec_energy at 66600 is [    0.           498.10040066   981.58266716  1430.73446222
  1785.10118117  2050.85420617  2531.3286054   3162.1194972
  4044.08948501  5020.73201262  6090.28109057  7330.39071479
  8636.20482989  9823.83398501 11100.9555698  12547.66113339
 13808.71826204 15178.06288573 16659.10520426 18159.7447136
 19693.3212949  21315.36483953 22998.23911523 24663.10398187
 26358.58612809 28305.56419863 30038.66345295 31664.59055881
 33532.77646535 34846.42816986 36333.18088518 37477.95366576
 38534.81750101 39471.26504385 40551.35165922 41790.19463576
 42753.95110362]
sim_time at 66600 is 18.000000
batt_out at 68400 is 825.060166
power at 68400 is 1646.868510
soc at 68400 is 0.117297
energy at 68400 is 43617.480271
rec_energy at 68400 is [    0.           498.10040066   981.58266716  1430.73446222
  1785.10118117  2050.85420617  2531.3286054   3162.1194972
  4044.08948501  5020.73201262  6090.28109057  7330.39071479
  8636.20482989  9823.83398501 11100.9555698  12547.66113339
 13808.71826204 15178.06288573 16659.10520426 18159.7447136
 19693.3212949  21315.36483953 22998.23911523 24663.10398187
 26358.58612809 28305.56419863 30038.66345295 31664.59055881
 33532.77646535 34846.42816986 36333.18088518 37477.95366576
 38534.81750101 39471.26504385 40551.35165922 41790.19463576
 42753.95110362 43617.48027137]
sim_time at 68400 is 18.000000
batt_out at 70200 is 805.901979
power at 70200 is 904.000152
soc at 70200 is 0.086157
energy at 70200 is 44340.164116
rec_energy at 70200 is [    0.           498.10040066   981.58266716  1430.73446222
  1785.10118117  2050.85420617  2531.3286054   3162.1194972
  4044.08948501  5020.73201262  6090.28109057  7330.39071479
  8636.20482989  9823.83398501 11100.9555698  12547.66113339
 13808.71826204 15178.06288573 16659.10520426 18159.7447136
 19693.3212949  21315.36483953 22998.23911523 24663.10398187
 26358.58612809 28305.56419863 30038.66345295 31664.59055881
 33532.77646535 34846.42816986 36333.18088518 37477.95366576
 38534.81750101 39471.26504385 40551.35165922 41790.19463576
 42753.95110362 43617.48027137 44340.16411644]
sim_time at 70200 is 19.000000
batt_out at 72000 is 1154.560428
power at 72000 is 520.779109
soc at 72000 is 0.034377
energy at 72000 is 44721.907079
rec_energy at 72000 is [    0.           498.10040066   981.58266716  1430.73446222
  1785.10118117  2050.85420617  2531.3286054   3162.1194972
  4044.08948501  5020.73201262  6090.28109057  7330.39071479
  8636.20482989  9823.83398501 11100.9555698  12547.66113339
 13808.71826204 15178.06288573 16659.10520426 18159.7447136
 19693.3212949  21315.36483953 22998.23911523 24663.10398187
 26358.58612809 28305.56419863 30038.66345295 31664.59055881
 33532.77646535 34846.42816986 36333.18088518 37477.95366576
 38534.81750101 39471.26504385 40551.35165922 41790.19463576
 42753.95110362 43617.48027137 44340.16411644 44721.90707944]
sim_time at 72000 is 19.000000
batt_out at 73800 is 1840.014988
power at 73800 is 1345.784814
soc at 73800 is 0.000000
energy at 73800 is 45133.547627
rec_energy at 73800 is [    0.           498.10040066   981.58266716  1430.73446222
  1785.10118117  2050.85420617  2531.3286054   3162.1194972
  4044.08948501  5020.73201262  6090.28109057  7330.39071479
  8636.20482989  9823.83398501 11100.9555698  12547.66113339
 13808.71826204 15178.06288573 16659.10520426 18159.7447136
 19693.3212949  21315.36483953 22998.23911523 24663.10398187
 26358.58612809 28305.56419863 30038.66345295 31664.59055881
 33532.77646535 34846.42816986 36333.18088518 37477.95366576
 38534.81750101 39471.26504385 40551.35165922 41790.19463576
 42753.95110362 43617.48027137 44340.16411644 44721.90707944
 45133.54762735]
sim_time at 73800 is 20.000000
batt_out at 75600 is 1819.453974
power at 75600 is 1184.533751
soc at 75600 is 0.000000
energy at 75600 is 45776.877360
rec_energy at 75600 is [    0.           498.10040066   981.58266716  1430.73446222
  1785.10118117  2050.85420617  2531.3286054   3162.1194972
  4044.08948501  5020.73201262  6090.28109057  7330.39071479
  8636.20482989  9823.83398501 11100.9555698  12547.66113339
 13808.71826204 15178.06288573 16659.10520426 18159.7447136
 19693.3212949  21315.36483953 22998.23911523 24663.10398187
 26358.58612809 28305.56419863 30038.66345295 31664.59055881
 33532.77646535 34846.42816986 36333.18088518 37477.95366576
 38534.81750101 39471.26504385 40551.35165922 41790.19463576
 42753.95110362 43617.48027137 44340.16411644 44721.90707944
 45133.54762735 45776.87736022]
sim_time at 75600 is 20.000000
batt_out at 77400 is 1819.453973
power at 77400 is 1184.533740
soc at 77400 is 0.000000
energy at 77400 is 46369.144236
rec_energy at 77400 is [    0.           498.10040066   981.58266716  1430.73446222
  1785.10118117  2050.85420617  2531.3286054   3162.1194972
  4044.08948501  5020.73201262  6090.28109057  7330.39071479
  8636.20482989  9823.83398501 11100.9555698  12547.66113339
 13808.71826204 15178.06288573 16659.10520426 18159.7447136
 19693.3212949  21315.36483953 22998.23911523 24663.10398187
 26358.58612809 28305.56419863 30038.66345295 31664.59055881
 33532.77646535 34846.42816986 36333.18088518 37477.95366576
 38534.81750101 39471.26504385 40551.35165922 41790.19463576
 42753.95110362 43617.48027137 44340.16411644 44721.90707944
 45133.54762735 45776.87736022 46369.14423558]
sim_time at 77400 is 21.000000
batt_out at 79200 is 1807.867185
power at 79200 is 1097.215259
soc at 79200 is 0.000000
energy at 79200 is 46945.402807
rec_energy at 79200 is [    0.           498.10040066   981.58266716  1430.73446222
  1785.10118117  2050.85420617  2531.3286054   3162.1194972
  4044.08948501  5020.73201262  6090.28109057  7330.39071479
  8636.20482989  9823.83398501 11100.9555698  12547.66113339
 13808.71826204 15178.06288573 16659.10520426 18159.7447136
 19693.3212949  21315.36483953 22998.23911523 24663.10398187
 26358.58612809 28305.56419863 30038.66345295 31664.59055881
 33532.77646535 34846.42816986 36333.18088518 37477.95366576
 38534.81750101 39471.26504385 40551.35165922 41790.19463576
 42753.95110362 43617.48027137 44340.16411644 44721.90707944
 45133.54762735 45776.87736022 46369.14423558 46945.40280678]
sim_time at 79200 is 21.000000
batt_out at 81000 is 1807.867179
power at 81000 is 1097.215214
soc at 81000 is 0.000000
energy at 81000 is 47494.010436
rec_energy at 81000 is [    0.           498.10040066   981.58266716  1430.73446222
  1785.10118117  2050.85420617  2531.3286054   3162.1194972
  4044.08948501  5020.73201262  6090.28109057  7330.39071479
  8636.20482989  9823.83398501 11100.9555698  12547.66113339
 13808.71826204 15178.06288573 16659.10520426 18159.7447136
 19693.3212949  21315.36483953 22998.23911523 24663.10398187
 26358.58612809 28305.56419863 30038.66345295 31664.59055881
 33532.77646535 34846.42816986 36333.18088518 37477.95366576
 38534.81750101 39471.26504385 40551.35165922 41790.19463576
 42753.95110362 43617.48027137 44340.16411644 44721.90707944
 45133.54762735 45776.87736022 46369.14423558 46945.40280678
 47494.01043627]
sim_time at 81000 is 22.000000
batt_out at 82800 is 1802.042258
power at 82800 is 1054.157577
soc at 82800 is 0.000000
energy at 82800 is 48034.724178
rec_energy at 82800 is [    0.           498.10040066   981.58266716  1430.73446222
  1785.10118117  2050.85420617  2531.3286054   3162.1194972
  4044.08948501  5020.73201262  6090.28109057  7330.39071479
  8636.20482989  9823.83398501 11100.9555698  12547.66113339
 13808.71826204 15178.06288573 16659.10520426 18159.7447136
 19693.3212949  21315.36483953 22998.23911523 24663.10398187
 26358.58612809 28305.56419863 30038.66345295 31664.59055881
 33532.77646535 34846.42816986 36333.18088518 37477.95366576
 38534.81750101 39471.26504385 40551.35165922 41790.19463576
 42753.95110362 43617.48027137 44340.16411644 44721.90707944
 45133.54762735 45776.87736022 46369.14423558 46945.40280678
 47494.01043627 48034.72417849]
sim_time at 82800 is 22.000000
batt_out at 84600 is 1801.045305
power at 84600 is 1046.840919
soc at 84600 is 0.000000
energy at 84600 is 48561.802967
rec_energy at 84600 is [    0.           498.10040066   981.58266716  1430.73446222
  1785.10118117  2050.85420617  2531.3286054   3162.1194972
  4044.08948501  5020.73201262  6090.28109057  7330.39071479
  8636.20482989  9823.83398501 11100.9555698  12547.66113339
 13808.71826204 15178.06288573 16659.10520426 18159.7447136
 19693.3212949  21315.36483953 22998.23911523 24663.10398187
 26358.58612809 28305.56419863 30038.66345295 31664.59055881
 33532.77646535 34846.42816986 36333.18088518 37477.95366576
 38534.81750101 39471.26504385 40551.35165922 41790.19463576
 42753.95110362 43617.48027137 44340.16411644 44721.90707944
 45133.54762735 45776.87736022 46369.14423558 46945.40280678
 47494.01043627 48034.72417849 48561.80296677]/home/pzz123/miniconda3/envs/tesp_env/lib/python3.7/site-packages/helics/capi.py:3938: UserWarning: This function is deprecated. Use `helicsFederateDisconnect` instead.
  warnings.warn("This function is deprecated. Use `helicsFederateDisconnect` instead.")

sim_time at 84600 is 23.000000
batt_out at 86400 is 1800.444419
power at 86400 is 1042.438276
soc at 86400 is 0.000000
energy at 86400 is 49084.877900
rec_energy at 86400 is [    0.           498.10040066   981.58266716  1430.73446222
  1785.10118117  2050.85420617  2531.3286054   3162.1194972
  4044.08948501  5020.73201262  6090.28109057  7330.39071479
  8636.20482989  9823.83398501 11100.9555698  12547.66113339
 13808.71826204 15178.06288573 16659.10520426 18159.7447136
 19693.3212949  21315.36483953 22998.23911523 24663.10398187
 26358.58612809 28305.56419863 30038.66345295 31664.59055881
 33532.77646535 34846.42816986 36333.18088518 37477.95366576
 38534.81750101 39471.26504385 40551.35165922 41790.19463576
 42753.95110362 43617.48027137 44340.16411644 44721.90707944
 45133.54762735 45776.87736022 46369.14423558 46945.40280678
 47494.01043627 48034.72417849 48561.80296677 49084.87790048]
sim_time at 86400 is 23.000000
the daily price is 5.246291 EUR
